<?xml version="1.0" encoding="UTF-8"?>
<!-- Generated by org.testng.reporters.JUnitXMLReporter -->
<testsuite ignored="0" hostname="LAPTOP-SRA3IUDK" failures="4" tests="14" name="Surefire test" time="20.204" errors="0" timestamp="2026-01-17T09:57:15 IST">
  <testcase classname="api.test.DataDrivenTest" name="testPostUser" time="2.913"/>
  <testcase classname="api.test.DataDrivenTest" name="testPostUser" time="1.2"/>
  <testcase classname="api.test.DataDrivenTest" name="testPostUser" time="1.159"/>
  <testcase classname="api.test.DataDrivenTest" name="testPostUser" time="1.202"/>
  <testcase classname="api.test.DataDrivenTest" name="testPostUser" time="1.248"/>
  <testcase classname="api.test.DataDrivenTest" name="testDeleteUser" time="1.298"/>
  <testcase classname="api.test.DataDrivenTest" name="testDeleteUser" time="1.232"/>
  <testcase classname="api.test.DataDrivenTest" name="testDeleteUser" time="1.229"/>
  <testcase classname="api.test.DataDrivenTest" name="testDeleteUser" time="1.179"/>
  <testcase classname="api.test.DataDrivenTest" name="testDeleteUser" time="1.211"/>
  <testcase classname="api.test.UsetTest" name="testPostUser" time="1.329">
    <failure type="java.lang.AssertionError" message="expected [200] but found [500]">
      <![CDATA[java.lang.AssertionError: expected [200] but found [500]
at api.test.UsetTest.testPostUser(UsetTest.java:47)
at java.base/java.util.ArrayList.forEach(ArrayList.java:1596)
... Removed 37 stack frames]]>
    </failure>
  </testcase> <!-- testPostUser -->
  <testcase classname="api.test.UsetTest" name="testGetUser" time="1.224">
    <failure type="java.lang.AssertionError" message="expected [200] but found [500]">
      <![CDATA[java.lang.AssertionError: expected [200] but found [500]
at api.test.UsetTest.testGetUser(UsetTest.java:58)
at java.base/java.util.ArrayList.forEach(ArrayList.java:1596)
... Removed 37 stack frames]]>
    </failure>
  </testcase> <!-- testGetUser -->
  <testcase classname="api.test.UsetTest" name="testUpdateUser" time="1.259">
    <failure type="java.lang.AssertionError" message="expected [200] but found [500]">
      <![CDATA[java.lang.AssertionError: expected [200] but found [500]
at api.test.UsetTest.testUpdateUser(UsetTest.java:73)
at java.base/java.util.ArrayList.forEach(ArrayList.java:1596)
... Removed 37 stack frames]]>
    </failure>
  </testcase> <!-- testUpdateUser -->
  <testcase classname="api.test.UsetTest" name="testDeleteUser" time="1.242">
    <failure type="java.lang.AssertionError" message="expected [200] but found [500]">
      <![CDATA[java.lang.AssertionError: expected [200] but found [500]
at api.test.UsetTest.testDeleteUser(UsetTest.java:85)
at java.base/java.util.ArrayList.forEach(ArrayList.java:1596)
... Removed 37 stack frames]]>
    </failure>
  </testcase> <!-- testDeleteUser -->
</testsuite> <!-- Surefire test -->
