<?xml version="1.0" encoding="UTF-8"?>
<!-- Generated by org.testng.reporters.JUnitXMLReporter -->
<testsuite ignored="0" hostname="LAPTOP-SRA3IUDK" failures="4" tests="4" name="Test" time="9.741" errors="0" timestamp="2026-01-16T06:00:43 IST">
  <testcase classname="api.test.UsetTest" name="testPostUser" time="3.815">
    <failure type="java.lang.AssertionError" message="expected [200] but found [500]">
      <![CDATA[java.lang.AssertionError: expected [200] but found [500]
at api.test.UsetTest.testPostUser(UsetTest.java:47)
at java.base/java.util.ArrayList.forEach(ArrayList.java:1596)
... Removed 32 stack frames]]>
    </failure>
  </testcase> <!-- testPostUser -->
  <testcase classname="api.test.UsetTest" name="testGetUser" time="1.573">
    <failure type="java.lang.AssertionError" message="expected [200] but found [500]">
      <![CDATA[java.lang.AssertionError: expected [200] but found [500]
at api.test.UsetTest.testGetUser(UsetTest.java:58)
at java.base/java.util.ArrayList.forEach(ArrayList.java:1596)
... Removed 32 stack frames]]>
    </failure>
  </testcase> <!-- testGetUser -->
  <testcase classname="api.test.UsetTest" name="testUpdateUser" time="1.521">
    <failure type="java.lang.AssertionError" message="expected [200] but found [500]">
      <![CDATA[java.lang.AssertionError: expected [200] but found [500]
at api.test.UsetTest.testUpdateUser(UsetTest.java:73)
at java.base/java.util.ArrayList.forEach(ArrayList.java:1596)
... Removed 32 stack frames]]>
    </failure>
  </testcase> <!-- testUpdateUser -->
  <testcase classname="api.test.UsetTest" name="testDeleteUser" time="1.528">
    <failure type="java.lang.AssertionError" message="expected [200] but found [500]">
      <![CDATA[java.lang.AssertionError: expected [200] but found [500]
at api.test.UsetTest.testDeleteUser(UsetTest.java:85)
at java.base/java.util.ArrayList.forEach(ArrayList.java:1596)
... Removed 32 stack frames]]>
    </failure>
  </testcase> <!-- testDeleteUser -->
</testsuite> <!-- Test -->
