<?xml version="1.0" encoding="UTF-8"?>
<!-- Generated by org.testng.reporters.JUnitReportReporter -->
<testsuite hostname="LAPTOP-SRA3IUDK" failures="0" tests="10" name="api.test.DataDrivenTest" time="14.436" errors="0" timestamp="2026-01-15T15:48:07 IST" skipped="0">
  <testcase classname="api.test.DataDrivenTest" name="testPostUser" time="1.282"/>
  <testcase classname="api.test.DataDrivenTest" name="testPostUser" time="1.247"/>
  <testcase classname="api.test.DataDrivenTest" name="testPostUser" time="3.164"/>
  <testcase classname="api.test.DataDrivenTest" name="testPostUser" time="1.256"/>
  <testcase classname="api.test.DataDrivenTest" name="testPostUser" time="1.212"/>
  <testcase classname="api.test.DataDrivenTest" name="testDeleteUser" time="1.262"/>
  <testcase classname="api.test.DataDrivenTest" name="testDeleteUser" time="1.231"/>
  <testcase classname="api.test.DataDrivenTest" name="testDeleteUser" time="1.205"/>
  <testcase classname="api.test.DataDrivenTest" name="testDeleteUser" time="1.309"/>
  <testcase classname="api.test.DataDrivenTest" name="testDeleteUser" time="1.268"/>
</testsuite> <!-- api.test.DataDrivenTest -->
