<?xml version="1.0" encoding="UTF-8"?>
<!-- Generated by org.testng.reporters.JUnitReportReporter -->
<testsuite hostname="LAPTOP-SRA3IUDK" failures="0" tests="10" name="api.test.DataDrivenTest" time="13.871" errors="0" timestamp="2026-01-17T09:57:15 IST" skipped="0">
  <testcase classname="api.test.DataDrivenTest" name="testPostUser" time="1.202"/>
  <testcase classname="api.test.DataDrivenTest" name="testPostUser" time="1.248"/>
  <testcase classname="api.test.DataDrivenTest" name="testPostUser" time="2.913"/>
  <testcase classname="api.test.DataDrivenTest" name="testPostUser" time="1.159"/>
  <testcase classname="api.test.DataDrivenTest" name="testPostUser" time="1.200"/>
  <testcase classname="api.test.DataDrivenTest" name="testDeleteUser" time="1.298"/>
  <testcase classname="api.test.DataDrivenTest" name="testDeleteUser" time="1.179"/>
  <testcase classname="api.test.DataDrivenTest" name="testDeleteUser" time="1.211"/>
  <testcase classname="api.test.DataDrivenTest" name="testDeleteUser" time="1.232"/>
  <testcase classname="api.test.DataDrivenTest" name="testDeleteUser" time="1.229"/>
</testsuite> <!-- api.test.DataDrivenTest -->
